<?xml version="1.0" encoding="UTF-8"?>
<!-- Generated by org.testng.reporters.JUnitReportReporter -->
<testsuite hostname="USABOS278590L" name="selenium.POM.IEBILoginTest" tests="1" failures="0" timestamp="23 Aug 2019 20:59:47 GMT" time="14.142" errors="0">
  <testcase name="login" time="14.142" classname="selenium.POM.IEBILoginTest"/>
</testsuite> <!-- selenium.POM.IEBILoginTest -->
