<?xml version="1.0" encoding="UTF-8"?>
<!-- Generated by org.testng.reporters.JUnitReportReporter -->
<testsuite hostname="USABOS278590L" name="selenium.POM.IEBILoginTest" tests="1" failures="0" timestamp="29 Jul 2019 16:02:07 GMT" time="10.600" errors="0">
  <testcase name="login" time="10.600" classname="selenium.POM.IEBILoginTest"/>
</testsuite> <!-- selenium.POM.IEBILoginTest -->
