<?xml version="1.0" encoding="UTF-8"?>
<!-- Generated by org.testng.reporters.JUnitReportReporter -->
<testsuite hostname="USABOS278590L" name="selenium.POM.WelcomeTest" tests="1" failures="0" timestamp="23 Aug 2019 20:59:47 GMT" time="0.077" errors="0">
  <testcase name="Welcome" time="0.077" classname="selenium.POM.WelcomeTest"/>
</testsuite> <!-- selenium.POM.WelcomeTest -->
