<?xml version="1.0" encoding="UTF-8"?>
<!-- Generated by org.testng.reporters.JUnitReportReporter -->
<testsuite hostname="USABOS278590L" name="selenium.advance.DBdemo" tests="1" failures="0" timestamp="23 Jul 2019 02:59:38 GMT" time="30.738" errors="0">
  <testcase name="test" time="30.738" classname="selenium.advance.DBdemo"/>
</testsuite> <!-- selenium.advance.DBdemo -->
