<?xml version="1.0" encoding="UTF-8"?>
<!-- Generated by org.testng.reporters.JUnitReportReporter -->
<testsuite hostname="USABOS278590L" name="selenium.advance.Demo01" tests="1" failures="0" timestamp="23 Jul 2019 01:54:51 GMT" time="0.011" errors="0">
  <testcase name="f" time="0.011" classname="selenium.advance.Demo01"/>
</testsuite> <!-- selenium.advance.Demo01 -->
