<?xml version="1.0" encoding="UTF-8"?>
<!-- Generated by org.testng.reporters.JUnitReportReporter -->
<testsuite hostname="USABOS278590L" name="selenium.advance.DemoGroups" tests="2" failures="0" timestamp="23 Jul 2019 02:27:33 GMT" time="17.057" errors="0">
  <testcase name="login" time="11.889" classname="selenium.advance.DemoGroups"/>
  <testcase name="logout" time="5.168" classname="selenium.advance.DemoGroups"/>
</testsuite> <!-- selenium.advance.DemoGroups -->
