<?xml version="1.0" encoding="UTF-8"?>
<!-- Generated by org.testng.reporters.JUnitReportReporter -->
<testsuite hostname="USABOS278590L" name="selenium.POM.WelcomeTest" tests="1" failures="0" timestamp="29 Jul 2019 16:02:07 GMT" time="0.068" errors="0">
  <testcase name="Welcome" time="0.068" classname="selenium.POM.WelcomeTest"/>
</testsuite> <!-- selenium.POM.WelcomeTest -->
