<?xml version="1.0" encoding="UTF-8"?>
<!-- Generated by org.testng.reporters.JUnitReportReporter -->
<testsuite hostname="USABOS278590L" name="selenium.advance.Demo06" tests="3" failures="0" timestamp="23 Jul 2019 02:18:00 GMT" time="11.456" errors="0">
  <testcase name="a" time="0.142" classname="selenium.advance.Demo06"/>
  <testcase name="c" time="11.259" classname="selenium.advance.Demo06"/>
  <testcase name="b" time="0.055" classname="selenium.advance.Demo06"/>
</testsuite> <!-- selenium.advance.Demo06 -->
