<?xml version="1.0" encoding="UTF-8"?>
<!-- Generated by org.testng.reporters.JUnitReportReporter -->
<testsuite hostname="USABOS278590L" name="selenium.advance.DemoDataprovider" tests="2" failures="0" timestamp="23 Jul 2019 02:23:15 GMT" time="33.628" errors="0">
  <testcase name="test" time="16.531" classname="selenium.advance.DemoDataprovider"/>
  <testcase name="test" time="17.097" classname="selenium.advance.DemoDataprovider"/>
</testsuite> <!-- selenium.advance.DemoDataprovider -->
