<?xml version="1.0" encoding="UTF-8"?>
<!-- Generated by org.testng.reporters.JUnitReportReporter -->
<testsuite hostname="USABOS278590L" name="selenium.POM.IEBILogoutTest" tests="1" failures="0" timestamp="23 Aug 2019 20:59:47 GMT" time="1.084" errors="0">
  <testcase name="logout" time="1.084" classname="selenium.POM.IEBILogoutTest"/>
</testsuite> <!-- selenium.POM.IEBILogoutTest -->
