<?xml version="1.0" encoding="UTF-8"?>
<!-- Generated by org.testng.reporters.JUnitReportReporter -->
<testsuite hostname="USABOS278590L" name="selenium.advance.DBdemo3" tests="1" failures="0" timestamp="23 Jul 2019 14:22:22 GMT" time="28.927" errors="0">
  <testcase name="test" time="28.927" classname="selenium.advance.DBdemo3"/>
</testsuite> <!-- selenium.advance.DBdemo3 -->
