<?xml version="1.0" encoding="UTF-8"?>
<!-- Generated by org.testng.reporters.JUnitReportReporter -->
<testsuite hostname="USABOS278590L" name="selenium.advance.Demo02" tests="1" failures="0" timestamp="23 Jul 2019 02:05:20 GMT" time="0.009" errors="0">
  <testcase name="test2" time="0.009" classname="selenium.advance.Demo02"/>
</testsuite> <!-- selenium.advance.Demo02 -->
